Gtk-Message: 20:07:38.807: Not loading module "atk-bridge": The functionality is provided by GTK natively. Please try to not load it.
[32151, Main Thread] WARNING: GTK+ module /snap/firefox/5187/gnome-platform/usr/lib/gtk-2.0/modules/libcanberra-gtk-module.so cannot be loaded.
GTK+ 2.x symbols detected. Using GTK+ 2.x and GTK+ 3 in the same process is not supported.: 'glib warning', file /build/firefox/parts/firefox/build/toolkit/xre/nsSigHandlers.cpp:187

(firefox:32151): Gtk-WARNING **: 20:07:38.867: GTK+ module /snap/firefox/5187/gnome-platform/usr/lib/gtk-2.0/modules/libcanberra-gtk-module.so cannot be loaded.
GTK+ 2.x symbols detected. Using GTK+ 2.x and GTK+ 3 in the same process is not supported.
Gtk-Message: 20:07:38.867: Failed to load module "canberra-gtk-module"
Gtk-Message: 20:07:38.867: Not loading module "atk-bridge": The functionality is provided by GTK natively. Please try to not load it.
[32151, Main Thread] WARNING: GTK+ module /snap/firefox/5187/gnome-platform/usr/lib/gtk-2.0/modules/libcanberra-gtk-module.so cannot be loaded.
GTK+ 2.x symbols detected. Using GTK+ 2.x and GTK+ 3 in the same process is not supported.: 'glib warning', file /build/firefox/parts/firefox/build/toolkit/xre/nsSigHandlers.cpp:187

(firefox:32151): Gtk-WARNING **: 20:07:38.869: GTK+ module /snap/firefox/5187/gnome-platform/usr/lib/gtk-2.0/modules/libcanberra-gtk-module.so cannot be loaded.
GTK+ 2.x symbols detected. Using GTK+ 2.x and GTK+ 3 in the same process is not supported.
Gtk-Message: 20:07:38.869: Failed to load module "canberra-gtk-module"
Gtk-Message: 20:07:38.869: Not loading module "atk-bridge": The functionality is provided by GTK natively. Please try to not load it.
ATTENTION: default value of option mesa_glthread overridden by environment.
ATTENTION: default value of option mesa_glthread overridden by environment.
ATTENTION: default value of option mesa_glthread overridden by environment.
ATTENTION: default value of option mesa_glthread overridden by environment.
ATTENTION: default value of option mesa_glthread overridden by environment.
[GFX1-]: RenderCompositorSWGL failed mapping default framebuffer, no dt
ATTENTION: default value of option mesa_glthread overridden by environment.
[Parent 32151, Main Thread] WARNING: impl_get_StartIndex: assertion 'ATK_IS_HYPERLINK (link)' failed: 'glib warning', file /build/firefox/parts/firefox/build/toolkit/xre/nsSigHandlers.cpp:187

** (firefox:32151): CRITICAL **: 20:12:28.899: impl_get_StartIndex: assertion 'ATK_IS_HYPERLINK (link)' failed
ATTENTION: default value of option mesa_glthread overridden by environment.
ATTENTION: default value of option mesa_glthread overridden by environment.
ATTENTION: default value of option mesa_glthread overridden by environment.
ATTENTION: default value of option mesa_glthread overridden by environment.
ATTENTION: default value of option mesa_glthread overridden by environment.
ATTENTION: default value of option mesa_glthread overridden by environment.
ATTENTION: default value of option mesa_glthread overridden by environment.
ATTENTION: default value of option mesa_glthread overridden by environment.
ATTENTION: default value of option mesa_glthread overridden by environment.
ATTENTION: default value of option mesa_glthread overridden by environment.
